TN:
SF:src\modules\appointments\services\CreateAppointmentService.ts
FN:13,(anonymous_18)
FN:14,CreateAppointmentService
FN:19,(anonymous_20)
FNF:3
FNH:3
FNDA:1,(anonymous_18)
FNDA:2,CreateAppointmentService
FNDA:3,(anonymous_20)
DA:1,1
DA:2,1
DA:5,1
DA:13,1
DA:16,2
DA:19,3
DA:20,3
DA:22,3
DA:23,1
DA:25,2
DA:30,1
DA:32,1
LF:12
LH:12
BRDA:22,0,0,1
BRDA:22,0,1,2
BRF:2
BRH:2
end_of_record
TN:
SF:src\modules\users\services\CreateUserService.ts
FN:14,(anonymous_18)
FN:15,CreateUserService
FN:20,(anonymous_20)
FNF:3
FNH:3
FNDA:3,(anonymous_18)
FNDA:6,CreateUserService
FNDA:7,(anonymous_20)
DA:1,3
DA:2,3
DA:5,3
DA:14,3
DA:17,6
DA:20,7
DA:21,7
DA:22,7
DA:23,1
DA:26,6
DA:28,6
DA:34,6
DA:36,3
DA:37,3
LF:14
LH:14
BRDA:21,0,0,7
BRDA:22,1,0,1
BRDA:22,1,1,6
BRF:3
BRH:3
end_of_record
TN:
SF:src\modules\users\services\UpdateUserAvatarService.ts
FN:15,(anonymous_18)
FN:16,UpdateUserAvatarService
FN:21,(anonymous_20)
FNF:3
FNH:3
FNDA:1,(anonymous_18)
FNDA:2,UpdateUserAvatarService
FNDA:2,(anonymous_20)
DA:1,1
DA:2,1
DA:3,1
DA:6,1
DA:7,1
DA:15,1
DA:18,2
DA:21,2
DA:22,2
DA:23,2
DA:24,1
DA:27,2
DA:28,0
DA:29,0
DA:31,0
DA:34,1
DA:36,2
DA:37,1
DA:39,1
DA:41,1
DA:42,1
LF:21
LH:18
BRDA:22,0,0,2
BRDA:23,1,0,1
BRDA:23,1,1,1
BRDA:27,2,0,1
BRDA:27,2,1,0
BRDA:31,3,0,0
BRDA:31,3,1,0
BRF:7
BRH:4
end_of_record
TN:
SF:src\modules\users\services\UserAuthenticateService.ts
FN:19,(anonymous_18)
FN:20,UserAuthenticateService
FN:25,(anonymous_20)
FNF:3
FNH:3
FNDA:1,(anonymous_18)
FNDA:2,UserAuthenticateService
FNDA:2,(anonymous_20)
DA:1,1
DA:2,1
DA:3,1
DA:6,1
DA:7,1
DA:19,1
DA:22,2
DA:25,2
DA:26,2
DA:27,2
DA:28,0
DA:31,2
DA:32,2
DA:33,1
DA:34,1
DA:35,0
DA:37,1
DA:38,1
DA:39,1
DA:44,1
DA:46,1
DA:48,1
LF:22
LH:20
BRDA:26,0,0,2
BRDA:27,1,0,0
BRDA:27,1,1,2
BRDA:34,2,0,0
BRDA:34,2,1,1
BRF:5
BRH:3
end_of_record
